<?xml version="1.0" encoding="UTF-8"?>
<testsuite xmlns:xsi="http://www.w3.org/2001/XMLSchema-instance" xsi:noNamespaceSchemaLocation="https://maven.apache.org/surefire/maven-surefire-plugin/xsd/surefire-test-report.xsd" version="3.0.2" name="com.example.demo.DemoApplicationTests" time="6.223" tests="1" errors="0" skipped="0" failures="0">
  <properties>
[...]
</properties>
  <testcase name="contextLoads" classname="com.example.demo.DemoApplicationTests" time="1.217">
    <system-out><![CDATA[20:37:07.790 [main] INFO org.springframework.test.context.support.AnnotationConfigContextLoaderUtils -- Could not detect default configuration classes for test class [com.example.demo.DemoApplicationTests]: DemoApplicationTests does not declare any static, non-private, non-final, nested classes annotated with @Configuration.
20:37:07.998 [main] INFO org.springframework.boot.test.context.SpringBootTestContextBootstrapper -- Found @SpringBootConfiguration com.example.demo.DemoApplication for test class com.example.demo.DemoApplicationTests

  .   ____          _            __ _ _
 /\\ / ___'_ __ _ _(_)_ __  __ _ \ \ \ \
( ( )\___ | '_ | '_| | '_ \/ _` | \ \ \ \
 \\/  ___)| |_)| | | | | || (_| |  ) ) ) )
  '  |____| .__|_| |_|_| |_\__, | / / / /
 =========|_|==============|___/=/_/_/_/

 :: Spring Boot ::                (v3.5.0)

2025-06-19T20:37:08.892+03:00  INFO 26396 --- [demo] [           main] com.example.demo.DemoApplicationTests    : Starting DemoApplicationTests using Java 21.0.7 with PID 26396 (started by user1 in C:\Users\user1\Dropbox\דבורי\Task manager Java\Back-end\demo)
2025-06-19T20:37:08.896+03:00  INFO 26396 --- [demo] [           main] com.example.demo.DemoApplicationTests    : No active profile set, falling back to 1 default profile: "default"
2025-06-19T20:37:12.516+03:00  INFO 26396 --- [demo] [           main] com.example.demo.DemoApplicationTests    : Started DemoApplicationTests in 4.196 seconds (process running for 5.946)
2025-06-19T20:37:12.534+03:00  INFO 26396 --- [demo] [           main] com.example.demo.TaskAppRunner           : ---- Adding tasks ----
2025-06-19T20:37:12.535+03:00  INFO 26396 --- [demo] [           main] com.example.demo.services.TaskService    : Adding task: Task(id=null, name=Buy milk, description=Buy 2 bottles of milk, completed=false)
2025-06-19T20:37:12.541+03:00  INFO 26396 --- [demo] [           main] com.example.demo.services.TaskService    : Task added: Task(id=1, name=Buy milk, description=Buy 2 bottles of milk, completed=false)
2025-06-19T20:37:12.542+03:00  INFO 26396 --- [demo] [           main] com.example.demo.services.TaskService    : Adding task: Task(id=null, name=Study Java, description=Complete Spring Boot tutorial, completed=false)
2025-06-19T20:37:12.542+03:00  INFO 26396 --- [demo] [           main] com.example.demo.services.TaskService    : Task added: Task(id=2, name=Study Java, description=Complete Spring Boot tutorial, completed=false)
2025-06-19T20:37:12.542+03:00  INFO 26396 --- [demo] [           main] com.example.demo.services.TaskService    : Adding task: Task(id=null, name=Clean room, description=Tidy up and vacuum, completed=false)
2025-06-19T20:37:12.542+03:00  INFO 26396 --- [demo] [           main] com.example.demo.services.TaskService    : Task added: Task(id=3, name=Clean room, description=Tidy up and vacuum, completed=false)
2025-06-19T20:37:12.543+03:00  INFO 26396 --- [demo] [           main] com.example.demo.TaskAppRunner           : 
---- All tasks ----
2025-06-19T20:37:12.543+03:00  INFO 26396 --- [demo] [           main] com.example.demo.services.TaskService    : Fetching all tasks
2025-06-19T20:37:12.543+03:00  INFO 26396 --- [demo] [           main] com.example.demo.services.TaskService    : Fetched 3 tasks
2025-06-19T20:37:12.543+03:00  INFO 26396 --- [demo] [           main] com.example.demo.TaskAppRunner           : Task(id=1, name=Buy milk, description=Buy 2 bottles of milk, completed=false)
2025-06-19T20:37:12.543+03:00  INFO 26396 --- [demo] [           main] com.example.demo.TaskAppRunner           : Task(id=2, name=Study Java, description=Complete Spring Boot tutorial, completed=false)
2025-06-19T20:37:12.544+03:00  INFO 26396 --- [demo] [           main] com.example.demo.TaskAppRunner           : Task(id=3, name=Clean room, description=Tidy up and vacuum, completed=false)
2025-06-19T20:37:12.544+03:00  INFO 26396 --- [demo] [           main] com.example.demo.TaskAppRunner           : 
---- Marking task 2 as completed ----
2025-06-19T20:37:12.544+03:00  INFO 26396 --- [demo] [           main] com.example.demo.services.TaskService    : Changing status of task with id: 2
2025-06-19T20:37:12.544+03:00  INFO 26396 --- [demo] [           main] com.example.demo.services.TaskService    : Task status changed: Task(id=2, name=Study Java, description=Complete Spring Boot tutorial, completed=true)
2025-06-19T20:37:12.544+03:00  INFO 26396 --- [demo] [           main] com.example.demo.TaskAppRunner           : 
---- All tasks after completion ----
2025-06-19T20:37:12.544+03:00  INFO 26396 --- [demo] [           main] com.example.demo.services.TaskService    : Fetching all tasks
2025-06-19T20:37:12.544+03:00  INFO 26396 --- [demo] [           main] com.example.demo.services.TaskService    : Fetched 3 tasks
2025-06-19T20:37:12.545+03:00  INFO 26396 --- [demo] [           main] com.example.demo.TaskAppRunner           : Task(id=1, name=Buy milk, description=Buy 2 bottles of milk, completed=false)
2025-06-19T20:37:12.545+03:00  INFO 26396 --- [demo] [           main] com.example.demo.TaskAppRunner           : Task(id=2, name=Study Java, description=Complete Spring Boot tutorial, completed=true)
2025-06-19T20:37:12.545+03:00  INFO 26396 --- [demo] [           main] com.example.demo.TaskAppRunner           : Task(id=3, name=Clean room, description=Tidy up and vacuum, completed=false)
2025-06-19T20:37:12.545+03:00  INFO 26396 --- [demo] [           main] com.example.demo.TaskAppRunner           : 
---- Deleting task 1 ----
2025-06-19T20:37:12.545+03:00  INFO 26396 --- [demo] [           main] com.example.demo.services.TaskService    : Deleting task with id: 1
2025-06-19T20:37:12.545+03:00  INFO 26396 --- [demo] [           main] com.example.demo.services.TaskService    : Task with id 1 deleted
2025-06-19T20:37:12.545+03:00  INFO 26396 --- [demo] [           main] com.example.demo.TaskAppRunner           : 
---- All tasks after deletion ----
2025-06-19T20:37:12.545+03:00  INFO 26396 --- [demo] [           main] com.example.demo.services.TaskService    : Fetching all tasks
2025-06-19T20:37:12.546+03:00  INFO 26396 --- [demo] [           main] com.example.demo.services.TaskService    : Fetched 2 tasks
2025-06-19T20:37:12.546+03:00  INFO 26396 --- [demo] [           main] com.example.demo.TaskAppRunner           : Task(id=2, name=Study Java, description=Complete Spring Boot tutorial, completed=true)
2025-06-19T20:37:12.546+03:00  INFO 26396 --- [demo] [           main] com.example.demo.TaskAppRunner           : Task(id=3, name=Clean room, description=Tidy up and vacuum, completed=false)
2025-06-19T20:37:12.546+03:00  INFO 26396 --- [demo] [           main] com.example.demo.TaskAppRunner           : 
---- Trying to mark non-existing task ----
2025-06-19T20:37:12.546+03:00  INFO 26396 --- [demo] [           main] com.example.demo.services.TaskService    : Changing status of task with id: 99
2025-06-19T20:37:12.546+03:00  WARN 26396 --- [demo] [           main] com.example.demo.services.TaskService    : Task with id 99 not found for status change
2025-06-19T20:37:12.546+03:00  INFO 26396 --- [demo] [           main] com.example.demo.TaskAppRunner           : Was task 99 marked as completed? false
]]></system-out>
    <system-err><![CDATA[Mockito is currently self-attaching to enable the inline-mock-maker. This will no longer work in future releases of the JDK. Please add Mockito as an agent to your build as described in Mockito's documentation: https://javadoc.io/doc/org.mockito/mockito-core/latest/org.mockito/org/mockito/Mockito.html#0.3
WARNING: A Java agent has been loaded dynamically (C:\Users\user1\.m2\repository\net\bytebuddy\byte-buddy-agent\1.17.5\byte-buddy-agent-1.17.5.jar)
WARNING: If a serviceability tool is in use, please run with -XX:+EnableDynamicAgentLoading to hide this warning
WARNING: If a serviceability tool is not in use, please run with -Djdk.instrument.traceUsage for more information
WARNING: Dynamic loading of agents will be disallowed by default in a future release
]]></system-err>
  </testcase>
</testsuite>