<?xml version="1.0" encoding="UTF-8"?>
<testsuite xmlns:xsi="http://www.w3.org/2001/XMLSchema-instance" xsi:noNamespaceSchemaLocation="https://maven.apache.org/surefire/maven-surefire-plugin/xsd/surefire-test-report.xsd" version="3.0.2" name="TaskServiceTest" time="0.499" tests="11" errors="0" skipped="0" failures="0">
  <properties>
[...]
</properties>
  <testcase name="testGetCompleteTasks" classname="TaskServiceTest" time="0.355">
    <system-out><![CDATA[2025-06-19T20:37:14.133+03:00  INFO 26396 --- [demo] [           main] com.example.demo.services.TaskService    : Fetching complete tasks
2025-06-19T20:37:14.139+03:00  INFO 26396 --- [demo] [           main] com.example.demo.services.TaskService    : Found 2 complete tasks
]]></system-out>
  </testcase>
  <testcase name="testAddTask" classname="TaskServiceTest" time="0.047">
    <system-out><![CDATA[2025-06-19T20:37:14.178+03:00  INFO 26396 --- [demo] [           main] com.example.demo.services.TaskService    : Adding task: Task(id=1, name=Test, description=desc, completed=false)
2025-06-19T20:37:14.185+03:00  INFO 26396 --- [demo] [           main] com.example.demo.services.TaskService    : Task added: Task(id=1, name=Test, description=desc, completed=false)
]]></system-out>
  </testcase>
  <testcase name="testChangeTaskStatus_NotFound" classname="TaskServiceTest" time="0.006">
    <system-out><![CDATA[2025-06-19T20:37:14.216+03:00  INFO 26396 --- [demo] [           main] com.example.demo.services.TaskService    : Changing status of task with id: 100
2025-06-19T20:37:14.217+03:00  WARN 26396 --- [demo] [           main] com.example.demo.services.TaskService    : Task with id 100 not found for status change
]]></system-out>
  </testcase>
  <testcase name="testDeleteTask_False" classname="TaskServiceTest" time="0.009">
    <system-out><![CDATA[2025-06-19T20:37:14.226+03:00  INFO 26396 --- [demo] [           main] com.example.demo.services.TaskService    : Deleting task with id: 4
2025-06-19T20:37:14.228+03:00  WARN 26396 --- [demo] [           main] com.example.demo.services.TaskService    : Task with id 4 not found for deletion
]]></system-out>
  </testcase>
  <testcase name="testGetAllTasks" classname="TaskServiceTest" time="0.007">
    <system-out><![CDATA[2025-06-19T20:37:14.237+03:00  INFO 26396 --- [demo] [           main] com.example.demo.services.TaskService    : Fetching all tasks
2025-06-19T20:37:14.238+03:00  INFO 26396 --- [demo] [           main] com.example.demo.services.TaskService    : Fetched 2 tasks
]]></system-out>
  </testcase>
  <testcase name="testUpdateTask" classname="TaskServiceTest" time="0.007">
    <system-out><![CDATA[2025-06-19T20:37:14.246+03:00  INFO 26396 --- [demo] [           main] com.example.demo.services.TaskService    : Updating task: Task(id=null, name=Updated, description=desc, completed=false)
2025-06-19T20:37:14.247+03:00  INFO 26396 --- [demo] [           main] com.example.demo.services.TaskService    : Task updated successfully
]]></system-out>
  </testcase>
  <testcase name="testChangeTaskStatus_Found" classname="TaskServiceTest" time="0.007">
    <system-out><![CDATA[2025-06-19T20:37:14.256+03:00  INFO 26396 --- [demo] [           main] com.example.demo.services.TaskService    : Changing status of task with id: 1
2025-06-19T20:37:14.257+03:00  INFO 26396 --- [demo] [           main] com.example.demo.services.TaskService    : Task status changed: Task(id=null, name=Toggle, description=desc, completed=false)
]]></system-out>
  </testcase>
  <testcase name="testDeleteTask_True" classname="TaskServiceTest" time="0.006">
    <system-out><![CDATA[2025-06-19T20:37:14.265+03:00  INFO 26396 --- [demo] [           main] com.example.demo.services.TaskService    : Deleting task with id: 4
2025-06-19T20:37:14.266+03:00  INFO 26396 --- [demo] [           main] com.example.demo.services.TaskService    : Task with id 4 deleted
]]></system-out>
  </testcase>
  <testcase name="testFindTaskById_Found" classname="TaskServiceTest" time="0.009">
    <system-out><![CDATA[2025-06-19T20:37:14.275+03:00  INFO 26396 --- [demo] [           main] com.example.demo.services.TaskService    : Searching for task by id: 5
2025-06-19T20:37:14.276+03:00  INFO 26396 --- [demo] [           main] com.example.demo.services.TaskService    : Task found: Task(id=null, name=FindMe, description=desc, completed=false)
]]></system-out>
  </testcase>
  <testcase name="testFindTaskById_NotFound" classname="TaskServiceTest" time="0.008">
    <system-out><![CDATA[2025-06-19T20:37:14.287+03:00  INFO 26396 --- [demo] [           main] com.example.demo.services.TaskService    : Searching for task by id: 99
2025-06-19T20:37:14.288+03:00  WARN 26396 --- [demo] [           main] com.example.demo.services.TaskService    : Task with id 99 not found
]]></system-out>
  </testcase>
  <testcase name="testSearchTasksByKeyword" classname="TaskServiceTest" time="0.008">
    <system-out><![CDATA[2025-06-19T20:37:14.295+03:00  INFO 26396 --- [demo] [           main] com.example.demo.services.TaskService    : Searching tasks with keyword: java
2025-06-19T20:37:14.297+03:00  INFO 26396 --- [demo] [           main] com.example.demo.services.TaskService    : Found 1 tasks matching keyword 'java'
]]></system-out>
  </testcase>
</testsuite>